# JRE version: OpenJDK Runtime Environment Corretto-11.0.17.8.1 (11.0.17+8) (build 11.0.17+8-LTS)
# Java VM: OpenJDK 64-Bit Server VM Corretto-11.0.17.8.1 (11.0.17+8-LTS, mixed mode, tiered, compressed oops, g1 gc, bsd-aarch64)
Heap:
 garbage-first heap   total 262144K, used 79150K [0x00000006c0000000, 0x00000007c0000000)
  region size 1024K, 44 young (45056K), 9 survivors (9216K)
 Metaspace       used 34095K, capacity 34690K, committed 34864K, reserved 1081344K
  class space    used 3652K, capacity 3937K, committed 3968K, reserved 1048576K
GC Heap History (8 events):
Event: 0.273 GC heap before
{Heap before GC invocations=0 (full 0):
 garbage-first heap   total 262144K, used 28672K [0x00000006c0000000, 0x00000007c0000000)
  region size 1024K, 24 young (24576K), 0 survivors (0K)
 Metaspace       used 13524K, capacity 13854K, committed 14080K, reserved 1062912K
  class space    used 1341K, capacity 1495K, committed 1536K, reserved 1048576K
}
Event: 0.276 GC heap after
{Heap after GC invocations=1 (full 0):
 garbage-first heap   total 262144K, used 10871K [0x00000006c0000000, 0x00000007c0000000)
  region size 1024K, 3 young (3072K), 3 survivors (3072K)
 Metaspace       used 13524K, capacity 13854K, committed 14080K, reserved 1062912K
  class space    used 1341K, capacity 1495K, committed 1536K, reserved 1048576K
}
Event: 0.556 GC heap before
{Heap before GC invocations=1 (full 0):
 garbage-first heap   total 262144K, used 46711K [0x00000006c0000000, 0x00000007c0000000)
  region size 1024K, 39 young (39936K), 3 survivors (3072K)
 Metaspace       used 20708K, capacity 21143K, committed 21296K, reserved 1069056K
  class space    used 2109K, capacity 2319K, committed 2432K, reserved 1048576K
}
Event: 0.560 GC heap after
{Heap after GC invocations=2 (full 0):
 garbage-first heap   total 262144K, used 15665K [0x00000006c0000000, 0x00000007c0000000)
  region size 1024K, 8 young (8192K), 8 survivors (8192K)
 Metaspace       used 20708K, capacity 21143K, committed 21296K, reserved 1069056K
  class space    used 2109K, capacity 2319K, committed 2432K, reserved 1048576K
}
Event: 0.667 GC heap before
{Heap before GC invocations=3 (full 0):
 garbage-first heap   total 262144K, used 56625K [0x00000006c0000000, 0x00000007c0000000)
  region size 1024K, 48 young (49152K), 8 survivors (8192K)
 Metaspace       used 22183K, capacity 22696K, committed 22960K, reserved 1069056K
  class space    used 2284K, capacity 2513K, committed 2560K, reserved 1048576K
}
Event: 0.672 GC heap after
{Heap after GC invocations=4 (full 0):
 garbage-first heap   total 262144K, used 20989K [0x00000006c0000000, 0x00000007c0000000)
  region size 1024K, 6 young (6144K), 6 survivors (6144K)
 Metaspace       used 22183K, capacity 22696K, committed 22960K, reserved 1069056K
  class space    used 2284K, capacity 2513K, committed 2560K, reserved 1048576K
}
Event: 0.876 GC heap before
{Heap before GC invocations=4 (full 0):
 garbage-first heap   total 262144K, used 92669K [0x00000006c0000000, 0x00000007c0000000)
  region size 1024K, 71 young (72704K), 6 survivors (6144K)
 Metaspace       used 26910K, capacity 27450K, committed 27568K, reserved 1073152K
  class space    used 2811K, capacity 3012K, committed 3072K, reserved 1048576K
}
Event: 0.883 GC heap after
{Heap after GC invocations=5 (full 0):
 garbage-first heap   total 262144K, used 44334K [0x00000006c0000000, 0x00000007c0000000)
  region size 1024K, 9 young (9216K), 9 survivors (9216K)
 Metaspace       used 26910K, capacity 27450K, committed 27568K, reserved 1073152K
  class space    used 2811K, capacity 3012K, committed 3072K, reserved 1048576K
}

