# JRE version: OpenJDK Runtime Environment Corretto-11.0.17.8.1 (11.0.17+8) (build 11.0.17+8-LTS)
# Java VM: OpenJDK 64-Bit Server VM Corretto-11.0.17.8.1 (11.0.17+8-LTS, mixed mode, tiered, compressed oops, g1 gc, bsd-aarch64)
Heap:
 garbage-first heap   total 315392K, used 48800K [0x00000006c0000000, 0x00000007c0000000)
  region size 1024K, 17 young (17408K), 14 survivors (14336K)
 Metaspace       used 35356K, capacity 36032K, committed 36160K, reserved 1081344K
  class space    used 3787K, capacity 4084K, committed 4208K, reserved 1048576K
GC Heap History (10 events):
Event: 0.278 GC heap before
{Heap before GC invocations=0 (full 0):
 garbage-first heap   total 262144K, used 28672K [0x00000006c0000000, 0x00000007c0000000)
  region size 1024K, 24 young (24576K), 0 survivors (0K)
 Metaspace       used 13526K, capacity 13854K, committed 14080K, reserved 1062912K
  class space    used 1342K, capacity 1495K, committed 1536K, reserved 1048576K
}
Event: 0.280 GC heap after
{Heap after GC invocations=1 (full 0):
 garbage-first heap   total 262144K, used 10509K [0x00000006c0000000, 0x00000007c0000000)
  region size 1024K, 3 young (3072K), 3 survivors (3072K)
 Metaspace       used 13526K, capacity 13854K, committed 14080K, reserved 1062912K
  class space    used 1342K, capacity 1495K, committed 1536K, reserved 1048576K
}
Event: 0.457 GC heap before
{Heap before GC invocations=1 (full 0):
 garbage-first heap   total 262144K, used 33037K [0x00000006c0000000, 0x00000007c0000000)
  region size 1024K, 25 young (25600K), 3 survivors (3072K)
 Metaspace       used 19523K, capacity 19911K, committed 20096K, reserved 1067008K
  class space    used 1985K, capacity 2171K, committed 2176K, reserved 1048576K
}
Event: 0.459 GC heap after
{Heap after GC invocations=2 (full 0):
 garbage-first heap   total 262144K, used 14509K [0x00000006c0000000, 0x00000007c0000000)
  region size 1024K, 4 young (4096K), 4 survivors (4096K)
 Metaspace       used 19523K, capacity 19911K, committed 20096K, reserved 1067008K
  class space    used 1985K, capacity 2171K, committed 2176K, reserved 1048576K
}
Event: 0.522 GC heap before
{Heap before GC invocations=2 (full 0):
 garbage-first heap   total 262144K, used 28845K [0x00000006c0000000, 0x00000007c0000000)
  region size 1024K, 19 young (19456K), 4 survivors (4096K)
 Metaspace       used 20789K, capacity 21187K, committed 21248K, reserved 1069056K
  class space    used 2117K, capacity 2291K, committed 2304K, reserved 1048576K
}
Event: 0.525 GC heap after
{Heap after GC invocations=3 (full 0):
 garbage-first heap   total 262144K, used 15727K [0x00000006c0000000, 0x00000007c0000000)
  region size 1024K, 2 young (2048K), 2 survivors (2048K)
 Metaspace       used 20789K, capacity 21187K, committed 21248K, reserved 1069056K
  class space    used 2117K, capacity 2291K, committed 2304K, reserved 1048576K
}
Event: 0.700 GC heap before
{Heap before GC invocations=4 (full 0):
 garbage-first heap   total 262144K, used 90479K [0x00000006c0000000, 0x00000007c0000000)
  region size 1024K, 75 young (76800K), 2 survivors (2048K)
 Metaspace       used 22580K, capacity 23052K, committed 23408K, reserved 1071104K
  class space    used 2317K, capacity 2547K, committed 2672K, reserved 1048576K
}
Event: 0.705 GC heap after
{Heap after GC invocations=5 (full 0):
 garbage-first heap   total 262144K, used 26996K [0x00000006c0000000, 0x00000007c0000000)
  region size 1024K, 10 young (10240K), 10 survivors (10240K)
 Metaspace       used 22580K, capacity 23052K, committed 23408K, reserved 1071104K
  class space    used 2317K, capacity 2547K, committed 2672K, reserved 1048576K
}
Event: 1.184 GC heap before
{Heap before GC invocations=5 (full 0):
 garbage-first heap   total 262144K, used 110964K [0x00000006c0000000, 0x00000007c0000000)
  region size 1024K, 88 young (90112K), 10 survivors (10240K)
 Metaspace       used 35186K, capacity 35841K, committed 36032K, reserved 1081344K
  class space    used 3762K, capacity 4042K, committed 4080K, reserved 1048576K
}
Event: 1.192 GC heap after
{Heap after GC invocations=6 (full 0):
 garbage-first heap   total 315392K, used 46752K [0x00000006c0000000, 0x00000007c0000000)
  region size 1024K, 14 young (14336K), 14 survivors (14336K)
 Metaspace       used 35186K, capacity 35841K, committed 36032K, reserved 1081344K
  class space    used 3762K, capacity 4042K, committed 4080K, reserved 1048576K
}

