# JRE version: OpenJDK Runtime Environment Corretto-11.0.17.8.1 (11.0.17+8) (build 11.0.17+8-LTS)
# Java VM: OpenJDK 64-Bit Server VM Corretto-11.0.17.8.1 (11.0.17+8-LTS, mixed mode, tiered, compressed oops, g1 gc, bsd-aarch64)
Heap:
 garbage-first heap   total 262144K, used 77305K [0x00000006c0000000, 0x00000007c0000000)
  region size 1024K, 57 young (58368K), 12 survivors (12288K)
 Metaspace       used 30935K, capacity 31542K, committed 31920K, reserved 1077248K
  class space    used 3302K, capacity 3566K, committed 3584K, reserved 1048576K
GC Heap History (8 events):
Event: 0.272 GC heap before
{Heap before GC invocations=0 (full 0):
 garbage-first heap   total 262144K, used 28672K [0x00000006c0000000, 0x00000007c0000000)
  region size 1024K, 24 young (24576K), 0 survivors (0K)
 Metaspace       used 13521K, capacity 13854K, committed 14080K, reserved 1062912K
  class space    used 1341K, capacity 1495K, committed 1536K, reserved 1048576K
}
Event: 0.275 GC heap after
{Heap after GC invocations=1 (full 0):
 garbage-first heap   total 262144K, used 10522K [0x00000006c0000000, 0x00000007c0000000)
  region size 1024K, 3 young (3072K), 3 survivors (3072K)
 Metaspace       used 13521K, capacity 13854K, committed 14080K, reserved 1062912K
  class space    used 1341K, capacity 1495K, committed 1536K, reserved 1048576K
}
Event: 0.356 GC heap before
{Heap before GC invocations=1 (full 0):
 garbage-first heap   total 262144K, used 19738K [0x00000006c0000000, 0x00000007c0000000)
  region size 1024K, 12 young (12288K), 3 survivors (3072K)
 Metaspace       used 16944K, capacity 17367K, committed 17536K, reserved 1064960K
  class space    used 1727K, capacity 1901K, committed 1920K, reserved 1048576K
}
Event: 0.358 GC heap after
{Heap after GC invocations=2 (full 0):
 garbage-first heap   total 262144K, used 11895K [0x00000006c0000000, 0x00000007c0000000)
  region size 1024K, 2 young (2048K), 2 survivors (2048K)
 Metaspace       used 16944K, capacity 17367K, committed 17536K, reserved 1064960K
  class space    used 1727K, capacity 1901K, committed 1920K, reserved 1048576K
}
Event: 0.502 GC heap before
{Heap before GC invocations=2 (full 0):
 garbage-first heap   total 262144K, used 38519K [0x00000006c0000000, 0x00000007c0000000)
  region size 1024K, 29 young (29696K), 2 survivors (2048K)
 Metaspace       used 20608K, capacity 21067K, committed 21296K, reserved 1069056K
  class space    used 2099K, capacity 2311K, committed 2432K, reserved 1048576K
}
Event: 0.505 GC heap after
{Heap after GC invocations=3 (full 0):
 garbage-first heap   total 262144K, used 15694K [0x00000006c0000000, 0x00000007c0000000)
  region size 1024K, 5 young (5120K), 5 survivors (5120K)
 Metaspace       used 20608K, capacity 21067K, committed 21296K, reserved 1069056K
  class space    used 2099K, capacity 2311K, committed 2432K, reserved 1048576K
}
Event: 0.765 GC heap before
{Heap before GC invocations=4 (full 0):
 garbage-first heap   total 262144K, used 107854K [0x00000006c0000000, 0x00000007c0000000)
  region size 1024K, 95 young (97280K), 5 survivors (5120K)
 Metaspace       used 25974K, capacity 26445K, committed 26672K, reserved 1073152K
  class space    used 2710K, capacity 2931K, committed 2944K, reserved 1048576K
}
Event: 0.771 GC heap after
{Heap after GC invocations=5 (full 0):
 garbage-first heap   total 262144K, used 27129K [0x00000006c0000000, 0x00000007c0000000)
  region size 1024K, 12 young (12288K), 12 survivors (12288K)
 Metaspace       used 25974K, capacity 26445K, committed 26672K, reserved 1073152K
  class space    used 2710K, capacity 2931K, committed 2944K, reserved 1048576K
}

