# JRE version: OpenJDK Runtime Environment Corretto-11.0.17.8.1 (11.0.17+8) (build 11.0.17+8-LTS)
# Java VM: OpenJDK 64-Bit Server VM Corretto-11.0.17.8.1 (11.0.17+8-LTS, mixed mode, tiered, compressed oops, g1 gc, bsd-aarch64)
Heap:
 garbage-first heap   total 262144K, used 80838K [0x00000006c0000000, 0x00000007c0000000)
  region size 1024K, 60 young (61440K), 11 survivors (11264K)
 Metaspace       used 28742K, capacity 29309K, committed 29440K, reserved 1075200K
  class space    used 3038K, capacity 3269K, committed 3328K, reserved 1048576K
GC Heap History (8 events):
Event: 0.273 GC heap before
{Heap before GC invocations=0 (full 0):
 garbage-first heap   total 262144K, used 28672K [0x00000006c0000000, 0x00000007c0000000)
  region size 1024K, 24 young (24576K), 0 survivors (0K)
 Metaspace       used 13517K, capacity 13790K, committed 14080K, reserved 1062912K
  class space    used 1341K, capacity 1495K, committed 1536K, reserved 1048576K
}
Event: 0.276 GC heap after
{Heap after GC invocations=1 (full 0):
 garbage-first heap   total 262144K, used 10393K [0x00000006c0000000, 0x00000007c0000000)
  region size 1024K, 3 young (3072K), 3 survivors (3072K)
 Metaspace       used 13517K, capacity 13790K, committed 14080K, reserved 1062912K
  class space    used 1341K, capacity 1495K, committed 1536K, reserved 1048576K
}
Event: 0.443 GC heap before
{Heap before GC invocations=1 (full 0):
 garbage-first heap   total 262144K, used 32921K [0x00000006c0000000, 0x00000007c0000000)
  region size 1024K, 25 young (25600K), 3 survivors (3072K)
 Metaspace       used 19524K, capacity 19909K, committed 20096K, reserved 1067008K
  class space    used 1987K, capacity 2171K, committed 2176K, reserved 1048576K
}
Event: 0.446 GC heap after
{Heap after GC invocations=2 (full 0):
 garbage-first heap   total 262144K, used 14164K [0x00000006c0000000, 0x00000007c0000000)
  region size 1024K, 4 young (4096K), 4 survivors (4096K)
 Metaspace       used 19524K, capacity 19909K, committed 20096K, reserved 1067008K
  class space    used 1987K, capacity 2171K, committed 2176K, reserved 1048576K
}
Event: 0.497 GC heap before
{Heap before GC invocations=2 (full 0):
 garbage-first heap   total 262144K, used 26452K [0x00000006c0000000, 0x00000007c0000000)
  region size 1024K, 17 young (17408K), 4 survivors (4096K)
 Metaspace       used 20489K, capacity 20966K, committed 21248K, reserved 1069056K
  class space    used 2083K, capacity 2277K, committed 2304K, reserved 1048576K
}
Event: 0.499 GC heap after
{Heap after GC invocations=3 (full 0):
 garbage-first heap   total 262144K, used 15223K [0x00000006c0000000, 0x00000007c0000000)
  region size 1024K, 5 young (5120K), 5 survivors (5120K)
 Metaspace       used 20489K, capacity 20966K, committed 21248K, reserved 1069056K
  class space    used 2083K, capacity 2277K, committed 2304K, reserved 1048576K
}
Event: 0.747 GC heap before
{Heap before GC invocations=4 (full 0):
 garbage-first heap   total 262144K, used 96119K [0x00000006c0000000, 0x00000007c0000000)
  region size 1024K, 84 young (86016K), 5 survivors (5120K)
 Metaspace       used 23550K, capacity 24045K, committed 24192K, reserved 1071104K
  class space    used 2417K, capacity 2643K, committed 2688K, reserved 1048576K
}
Event: 0.756 GC heap after
{Heap after GC invocations=5 (full 0):
 garbage-first heap   total 262144K, used 26566K [0x00000006c0000000, 0x00000007c0000000)
  region size 1024K, 11 young (11264K), 11 survivors (11264K)
 Metaspace       used 23550K, capacity 24045K, committed 24192K, reserved 1071104K
  class space    used 2417K, capacity 2643K, committed 2688K, reserved 1048576K
}

