# JRE version: OpenJDK Runtime Environment Corretto-11.0.17.8.1 (11.0.17+8) (build 11.0.17+8-LTS)
# Java VM: OpenJDK 64-Bit Server VM Corretto-11.0.17.8.1 (11.0.17+8-LTS, mixed mode, tiered, compressed oops, g1 gc, bsd-aarch64)
Heap:
 garbage-first heap   total 324608K, used 48128K [0x00000006c0000000, 0x00000007c0000000)
  region size 1024K, 22 young (22528K), 19 survivors (19456K)
 Metaspace       used 35328K, capacity 36015K, committed 36096K, reserved 1081344K
  class space    used 3776K, capacity 4078K, committed 4096K, reserved 1048576K
GC Heap History (10 events):
Event: 0.343 GC heap before
{Heap before GC invocations=0 (full 0):
 garbage-first heap   total 262144K, used 28672K [0x00000006c0000000, 0x00000007c0000000)
  region size 1024K, 24 young (24576K), 0 survivors (0K)
 Metaspace       used 13522K, capacity 13854K, committed 14080K, reserved 1062912K
  class space    used 1342K, capacity 1495K, committed 1536K, reserved 1048576K
}
Event: 0.345 GC heap after
{Heap after GC invocations=1 (full 0):
 garbage-first heap   total 262144K, used 10563K [0x00000006c0000000, 0x00000007c0000000)
  region size 1024K, 3 young (3072K), 3 survivors (3072K)
 Metaspace       used 13522K, capacity 13854K, committed 14080K, reserved 1062912K
  class space    used 1342K, capacity 1495K, committed 1536K, reserved 1048576K
}
Event: 0.610 GC heap before
{Heap before GC invocations=1 (full 0):
 garbage-first heap   total 262144K, used 47427K [0x00000006c0000000, 0x00000007c0000000)
  region size 1024K, 40 young (40960K), 3 survivors (3072K)
 Metaspace       used 20798K, capacity 21183K, committed 21248K, reserved 1069056K
  class space    used 2116K, capacity 2291K, committed 2304K, reserved 1048576K
}
Event: 0.615 GC heap after
{Heap after GC invocations=2 (full 0):
 garbage-first heap   total 262144K, used 15349K [0x00000006c0000000, 0x00000007c0000000)
  region size 1024K, 8 young (8192K), 8 survivors (8192K)
 Metaspace       used 20798K, capacity 21183K, committed 21248K, reserved 1069056K
  class space    used 2116K, capacity 2291K, committed 2304K, reserved 1048576K
}
Event: 0.708 GC heap before
{Heap before GC invocations=3 (full 0):
 garbage-first heap   total 262144K, used 41973K [0x00000006c0000000, 0x00000007c0000000)
  region size 1024K, 34 young (34816K), 8 survivors (8192K)
 Metaspace       used 22134K, capacity 22630K, committed 22784K, reserved 1069056K
  class space    used 2282K, capacity 2513K, committed 2560K, reserved 1048576K
}
Event: 0.713 GC heap after
{Heap after GC invocations=4 (full 0):
 garbage-first heap   total 262144K, used 18441K [0x00000006c0000000, 0x00000007c0000000)
  region size 1024K, 4 young (4096K), 4 survivors (4096K)
 Metaspace       used 22134K, capacity 22630K, committed 22784K, reserved 1069056K
  class space    used 2282K, capacity 2513K, committed 2560K, reserved 1048576K
}
Event: 0.825 GC heap before
{Heap before GC invocations=4 (full 0):
 garbage-first heap   total 262144K, used 75785K [0x00000006c0000000, 0x00000007c0000000)
  region size 1024K, 60 young (61440K), 4 survivors (4096K)
 Metaspace       used 24120K, capacity 24684K, committed 24832K, reserved 1071104K
  class space    used 2470K, capacity 2707K, committed 2816K, reserved 1048576K
}
Event: 0.832 GC heap after
{Heap after GC invocations=5 (full 0):
 garbage-first heap   total 262144K, used 26770K [0x00000006c0000000, 0x00000007c0000000)
  region size 1024K, 8 young (8192K), 8 survivors (8192K)
 Metaspace       used 24120K, capacity 24684K, committed 24832K, reserved 1071104K
  class space    used 2470K, capacity 2707K, committed 2816K, reserved 1048576K
}
Event: 1.281 GC heap before
{Heap before GC invocations=5 (full 0):
 garbage-first heap   total 262144K, used 103570K [0x00000006c0000000, 0x00000007c0000000)
  region size 1024K, 79 young (80896K), 8 survivors (8192K)
 Metaspace       used 35108K, capacity 35764K, committed 35840K, reserved 1081344K
  class space    used 3748K, capacity 4037K, committed 4096K, reserved 1048576K
}
Event: 1.289 GC heap after
{Heap after GC invocations=6 (full 0):
 garbage-first heap   total 324608K, used 46080K [0x00000006c0000000, 0x00000007c0000000)
  region size 1024K, 19 young (19456K), 19 survivors (19456K)
 Metaspace       used 35108K, capacity 35764K, committed 35840K, reserved 1081344K
  class space    used 3748K, capacity 4037K, committed 4096K, reserved 1048576K
}

