# JRE version: OpenJDK Runtime Environment Corretto-11.0.17.8.1 (11.0.17+8) (build 11.0.17+8-LTS)
# Java VM: OpenJDK 64-Bit Server VM Corretto-11.0.17.8.1 (11.0.17+8-LTS, mixed mode, tiered, compressed oops, g1 gc, bsd-aarch64)
Heap:
 garbage-first heap   total 262144K, used 98354K [0x00000006c0000000, 0x00000007c0000000)
  region size 1024K, 77 young (78848K), 11 survivors (11264K)
 Metaspace       used 34473K, capacity 35121K, committed 35248K, reserved 1081344K
  class space    used 3688K, capacity 3973K, committed 4096K, reserved 1048576K
GC Heap History (8 events):
Event: 0.268 GC heap before
{Heap before GC invocations=0 (full 0):
 garbage-first heap   total 262144K, used 28672K [0x00000006c0000000, 0x00000007c0000000)
  region size 1024K, 24 young (24576K), 0 survivors (0K)
 Metaspace       used 13500K, capacity 13790K, committed 14080K, reserved 1062912K
  class space    used 1341K, capacity 1495K, committed 1536K, reserved 1048576K
}
Event: 0.270 GC heap after
{Heap after GC invocations=1 (full 0):
 garbage-first heap   total 262144K, used 10453K [0x00000006c0000000, 0x00000007c0000000)
  region size 1024K, 3 young (3072K), 3 survivors (3072K)
 Metaspace       used 13500K, capacity 13790K, committed 14080K, reserved 1062912K
  class space    used 1341K, capacity 1495K, committed 1536K, reserved 1048576K
}
Event: 0.352 GC heap before
{Heap before GC invocations=1 (full 0):
 garbage-first heap   total 262144K, used 19669K [0x00000006c0000000, 0x00000007c0000000)
  region size 1024K, 12 young (12288K), 3 survivors (3072K)
 Metaspace       used 16937K, capacity 17362K, committed 17536K, reserved 1064960K
  class space    used 1727K, capacity 1901K, committed 1920K, reserved 1048576K
}
Event: 0.353 GC heap after
{Heap after GC invocations=2 (full 0):
 garbage-first heap   total 262144K, used 11715K [0x00000006c0000000, 0x00000007c0000000)
  region size 1024K, 2 young (2048K), 2 survivors (2048K)
 Metaspace       used 16937K, capacity 17362K, committed 17536K, reserved 1064960K
  class space    used 1727K, capacity 1901K, committed 1920K, reserved 1048576K
}
Event: 0.564 GC heap before
{Heap before GC invocations=2 (full 0):
 garbage-first heap   total 262144K, used 39363K [0x00000006c0000000, 0x00000007c0000000)
  region size 1024K, 30 young (30720K), 2 survivors (2048K)
 Metaspace       used 20723K, capacity 21147K, committed 21296K, reserved 1069056K
  class space    used 2109K, capacity 2319K, committed 2432K, reserved 1048576K
}
Event: 0.567 GC heap after
{Heap after GC invocations=3 (full 0):
 garbage-first heap   total 262144K, used 15589K [0x00000006c0000000, 0x00000007c0000000)
  region size 1024K, 5 young (5120K), 5 survivors (5120K)
 Metaspace       used 20723K, capacity 21147K, committed 21296K, reserved 1069056K
  class space    used 2109K, capacity 2319K, committed 2432K, reserved 1048576K
}
Event: 0.761 GC heap before
{Heap before GC invocations=4 (full 0):
 garbage-first heap   total 262144K, used 99557K [0x00000006c0000000, 0x00000007c0000000)
  region size 1024K, 87 young (89088K), 5 survivors (5120K)
 Metaspace       used 24360K, capacity 24880K, committed 25264K, reserved 1071104K
  class space    used 2495K, capacity 2707K, committed 2816K, reserved 1048576K
}
Event: 0.767 GC heap after
{Heap after GC invocations=5 (full 0):
 garbage-first heap   total 262144K, used 26674K [0x00000006c0000000, 0x00000007c0000000)
  region size 1024K, 11 young (11264K), 11 survivors (11264K)
 Metaspace       used 24360K, capacity 24880K, committed 25264K, reserved 1071104K
  class space    used 2495K, capacity 2707K, committed 2816K, reserved 1048576K
}

